{"total": {"lines":{"total":5,"covered":5,"skipped":0,"pct":100},"statements":{"total":6,"covered":5,"skipped":0,"pct":83.33},"functions":{"total":2,"covered":2,"skipped":0,"pct":100},"branches":{"total":6,"covered":4,"skipped":0,"pct":66.66},"branchesTrue":{"total":0,"covered":0,"skipped":0,"pct":"Unknown"}}
,"/home/runner/work/react-monorepo-template/react-monorepo-template/core/src/index.tsx": {"lines":{"total":5,"covered":5,"skipped":0,"pct":100},"functions":{"total":2,"covered":2,"skipped":0,"pct":100},"statements":{"total":6,"covered":5,"skipped":0,"pct":83.33},"branches":{"total":6,"covered":4,"skipped":0,"pct":66.66}}
}
